Name is Uraiwan public key is PublicKey [g=3926497, p=8999183, y=2013935, key_size=24]
Name is Bob public key is PublicKey [g=8432495, p=9489407, y=4127182, key_size=24]
Name is Alice public key is PublicKey [g=5840173, p=8575187, y=3844290, key_size=24]
plaintext isHello, Uraiwan!
text to binary is010010000110010101101100011011000110111100101100001000000101010101110010011000010110100101110111011000010110111000100001
actual size of plaintext is 120
message block1is01001000011001010110110
p : 8999183
g : 3926497
y : 2013935
m : 2372278
k is 5938231 GCD is 1
message block2is00110110001101111001011
p : 8999183
g : 3926497
y : 2013935
m : 1776587
k is 583972 GCD is 2
k is 3397137 GCD is 1
message block3is00001000000101010101110
p : 8999183
g : 3926497
y : 2013935
m : 264878
k is 5111269 GCD is 1
message block4is01001100001011010010111
p : 8999183
g : 3926497
y : 2013935
m : 2496151
k is 1601251 GCD is 1
message block5is01110110000101101110001
p : 8999183
g : 3926497
y : 2013935
m : 3869553
k is 1727481 GCD is 1
message block6is00001000000000000000000
p : 8999183
g : 3926497
y : 2013935
m : 262144
k is 6181422 GCD is 2
k is 1249709 GCD is 1
EncryptedMessage [M=6, N=120, type=PLAINTEXT]
Pair [a=903883, b=8486147]
Pair [a=7777890, b=8575569]
Pair [a=2425394, b=5984249]
Pair [a=5813211, b=3644868]
Pair [a=4085358, b=660136]
Pair [a=8831765, b=5584833]

