Name is Supakew public key is PublicKey [g=6410519, p=9489407, y=5186592, key_size=24]
Name is Uraiwan public key is PublicKey [g=3926497, p=8999183, y=2013935, key_size=24]
Name is Bob public key is PublicKey [g=7904612, p=9489407, y=1028293, key_size=24]
Name is Alice public key is PublicKey [g=6600373, p=11063639, y=1980971, key_size=24]
plaintext isHello, Uraiwan this is Alice!
text to binary is0100100001100101011011000110110001101111001011000010000001010101011100100110000101101001011101110110000101101110001000000111010001101000011010010111001100100000011010010111001100100000010000010110110001101001011000110110010100100001
actual size of plaintext is 232
message block1is01001000011001010110110
p : 8999183
g : 3926497
y : 2013935
m : 2372278
k is 4180297 GCD is 1
message block2is00110110001101111001011
p : 8999183
g : 3926497
y : 2013935
m : 1776587
k is 6724559 GCD is 1
message block3is00001000000101010101110
p : 8999183
g : 3926497
y : 2013935
m : 264878
k is 8849338 GCD is 2
k is 226292 GCD is 2
k is 628454 GCD is 2
k is 1876551 GCD is 1
message block4is01001100001011010010111
p : 8999183
g : 3926497
y : 2013935
m : 2496151
k is 310486 GCD is 2
k is 6711110 GCD is 2
k is 1389665 GCD is 1
message block5is01110110000101101110001
p : 8999183
g : 3926497
y : 2013935
m : 3869553
k is 6974239 GCD is 1
message block6is00000011101000110100001
p : 8999183
g : 3926497
y : 2013935
m : 119201
k is 5447085 GCD is 1
message block7is10100101110011001000000
p : 8999183
g : 3926497
y : 2013935
m : 5432896
k is 4652086 GCD is 2
k is 3104536 GCD is 2
k is 4395000 GCD is 2
k is 2329065 GCD is 1
message block8is11010010111001100100000
p : 8999183
g : 3926497
y : 2013935
m : 6910752
k is 5924500 GCD is 2
k is 303264 GCD is 2
k is 3264421 GCD is 1
message block9is01000001011011000110100
p : 8999183
g : 3926497
y : 2013935
m : 2143796
k is 6960797 GCD is 1
message block10is10110001101100101001000
p : 8999183
g : 3926497
y : 2013935
m : 5822792
k is 7713623 GCD is 1
message block11is01000000000000000000000
p : 8999183
g : 3926497
y : 2013935
m : 2097152
k is 6646725 GCD is 1
EncryptedMessage [M=11, N=232, type=PLAINTEXT]
Pair [a=7759503, b=97277]
Pair [a=4326554, b=3020583]
Pair [a=5535607, b=2367197]
Pair [a=4785028, b=2228918]
Pair [a=1182323, b=7445352]
Pair [a=5349728, b=1592744]
Pair [a=8115115, b=4738203]
Pair [a=7973062, b=8352400]
Pair [a=1924718, b=8081065]
Pair [a=3500374, b=7715617]
Pair [a=8805756, b=6467904]

Sigining ... 
random 4011038
random 11004432
random 3048986
random 4496726
random 4906028
random 8851500
random 5611407
k is 5611407 GCD is 1
inverseK 3437543 p -1 11063638
msg 4989171 r 10473088 s 2112331
-- Sign finished -- 
SignedMessage [message=EncryptedMessage [M=11, N=232, type=PLAINTEXT]
Pair [a=7759503, b=97277]
Pair [a=4326554, b=3020583]
Pair [a=5535607, b=2367197]
Pair [a=4785028, b=2228918]
Pair [a=1182323, b=7445352]
Pair [a=5349728, b=1592744]
Pair [a=8115115, b=4738203]
Pair [a=7973062, b=8352400]
Pair [a=1924718, b=8081065]
Pair [a=3500374, b=7715617]
Pair [a=8805756, b=6467904]
, signature=Pair [a=10473088, b=2112331]]
